<?xml version="1.0" encoding="UTF-8"?>
<testsuite xmlns:xsi="http://www.w3.org/2001/XMLSchema-instance" xsi:noNamespaceSchemaLocation="https://maven.apache.org/surefire/maven-surefire-plugin/xsd/surefire-test-report-3.0.xsd" version="3.0" name="com.nexoqa.pact.PactConsumerContractTest" time="8.32" tests="5" errors="0" skipped="0" failures="0">
  <properties>
[...]
</properties>
  <testcase name="runSubscribePactTest" classname="com.nexoqa.pact.PactConsumerContractTest" time="1.765"/>
  <testcase name="runUpdatePactTest" classname="com.nexoqa.pact.PactConsumerContractTest" time="0.212"/>
  <testcase name="runUnSubscribePactTest" classname="com.nexoqa.pact.PactConsumerContractTest" time="0.146"/>
  <testcase name="runUpdateSubscriptionFailPactTest" classname="com.nexoqa.pact.PactConsumerContractTest" time="0.144"/>
  <testcase name="runUnSubscribeFailPactTest" classname="com.nexoqa.pact.PactConsumerContractTest" time="0.128"/>
</testsuite>